<?xml version="1.0" encoding="UTF-8"?>
<testsuite name="gameOfLife.rules.GameOfLifeRulesTest" tests="6" skipped="0" failures="0" errors="0" timestamp="2020-01-31T06:26:47" hostname="Asifs-MacBook-Pro.local" time="0.033">
  <properties/>
  <testcase name="given a live cell with 0 live neighbors, should return as dead for next iteration" classname="gameOfLife.rules.GameOfLifeRulesTest" time="0.031"/>
  <testcase name="given a live cell with 4 live neighbors, should return as dead for next iteration" classname="gameOfLife.rules.GameOfLifeRulesTest" time="0.0"/>
  <testcase name="given a live cell with three live neighbors, should return as live for next iteration" classname="gameOfLife.rules.GameOfLifeRulesTest" time="0.0"/>
  <testcase name="given a cell with 5 live neighbors, should return as dead for next iteration" classname="gameOfLife.rules.GameOfLifeRulesTest" time="0.0"/>
  <testcase name="given a live cell with two live neighbors, should return as live for next iteration" classname="gameOfLife.rules.GameOfLifeRulesTest" time="0.001"/>
  <testcase name="given a live cell  with 1 live neighbor, should return as dead for next iteration" classname="gameOfLife.rules.GameOfLifeRulesTest" time="0.0"/>
  <system-out><![CDATA[]]></system-out>
  <system-err><![CDATA[]]></system-err>
</testsuite>
