<?xml version="1.0" encoding="UTF-8"?>
<testsuite name="gameOfLife.GameOfLifeBoardImplTest" tests="9" skipped="0" failures="0" errors="0" timestamp="2020-01-31T15:50:15" hostname="Asifs-MacBook-Pro.local" time="0.023">
  <properties/>
  <testcase name="should initialize the board with default configuration" classname="gameOfLife.GameOfLifeBoardImplTest" time="0.02"/>
  <testcase name="should return invalid cell status for negative column" classname="gameOfLife.GameOfLifeBoardImplTest" time="0.0"/>
  <testcase name="should return invalid cell status for index out of bounds" classname="gameOfLife.GameOfLifeBoardImplTest" time="0.0"/>
  <testcase name="should do nothing when setting the cell status for indexes greater than  size of board" classname="gameOfLife.GameOfLifeBoardImplTest" time="0.001"/>
  <testcase name="should set the cell status for the given row and col" classname="gameOfLife.GameOfLifeBoardImplTest" time="0.001"/>
  <testcase name="should return invalid cell status for negative row" classname="gameOfLife.GameOfLifeBoardImplTest" time="0.0"/>
  <testcase name="should do nothing when setting the cell status for negative index" classname="gameOfLife.GameOfLifeBoardImplTest" time="0.0"/>
  <testcase name="should get the correct cell status for row and column number" classname="gameOfLife.GameOfLifeBoardImplTest" time="0.0"/>
  <testcase name="should get the correct cell status for given row and column number" classname="gameOfLife.GameOfLifeBoardImplTest" time="0.001"/>
  <system-out><![CDATA[]]></system-out>
  <system-err><![CDATA[]]></system-err>
</testsuite>
